d:\fct\cm\praticas\of_v0.11.2_vs2017_release\apps\myapps\cmi\collaborativemediawall\obj\x64\debug\src\videoplayer\videoplayer.obj
d:\fct\cm\praticas\of_v0.11.2_vs2017_release\apps\myapps\cmi\collaborativemediawall\obj\x64\debug\src\videoplayer\objectcolormode.obj
d:\fct\cm\praticas\of_v0.11.2_vs2017_release\apps\myapps\cmi\collaborativemediawall\obj\x64\debug\src\videoplayer\playmode.obj
d:\fct\cm\praticas\of_v0.11.2_vs2017_release\apps\myapps\cmi\collaborativemediawall\obj\x64\debug\vc142.pdb
d:\fct\cm\praticas\of_v0.11.2_vs2017_release\apps\myapps\cmi\collaborativemediawall\obj\x64\debug\src\item\metadata.obj
d:\fct\cm\praticas\of_v0.11.2_vs2017_release\apps\myapps\cmi\collaborativemediawall\obj\x64\debug\src\item\item.obj
d:\fct\cm\praticas\of_v0.11.2_vs2017_release\apps\myapps\cmi\addons\ofxdatgui-master\src\core\ofxdatguicomponent.obj
d:\fct\cm\praticas\of_v0.11.2_vs2017_release\apps\myapps\cmi\addons\ofxdatgui-master\src\libs\ofxsmartfont\ofxsmartfont.obj
d:\fct\cm\praticas\of_v0.11.2_vs2017_release\apps\myapps\cmi\addons\ofxdatgui-master\src\ofxdatgui.obj
d:\fct\cm\praticas\of_v0.11.2_vs2017_release\apps\myapps\cmi\addons\ofxgui\src\ofxcolorpicker.obj
d:\fct\cm\praticas\of_v0.11.2_vs2017_release\apps\myapps\cmi\addons\ofxgui\src\ofxslidergroup.obj
d:\fct\cm\praticas\of_v0.11.2_vs2017_release\apps\myapps\cmi\addons\ofxgui\src\ofxguigroup.obj
d:\fct\cm\praticas\of_v0.11.2_vs2017_release\apps\myapps\cmi\addons\ofxgui\src\ofxlabel.obj
d:\fct\cm\praticas\of_v0.11.2_vs2017_release\apps\myapps\cmi\addons\ofxgui\src\ofxslider.obj
d:\fct\cm\praticas\of_v0.11.2_vs2017_release\apps\myapps\cmi\addons\ofxgui\src\ofxbutton.obj
d:\fct\cm\praticas\of_v0.11.2_vs2017_release\apps\myapps\cmi\addons\ofxgui\src\ofxpanel.obj
d:\fct\cm\praticas\of_v0.11.2_vs2017_release\apps\myapps\cmi\addons\ofxgui\src\ofxinputfield.obj
d:\fct\cm\praticas\of_v0.11.2_vs2017_release\apps\myapps\cmi\addons\ofxgui\src\ofxbasegui.obj
d:\fct\cm\praticas\of_v0.11.2_vs2017_release\apps\myapps\cmi\addons\ofxgui\src\ofxtoggle.obj
d:\fct\cm\praticas\of_v0.11.2_vs2017_release\apps\myapps\cmi\addons\ofxopencv\src\ofxcvfloatimage.obj
d:\fct\cm\praticas\of_v0.11.2_vs2017_release\apps\myapps\cmi\addons\ofxopencv\src\ofxcvshortimage.obj
d:\fct\cm\praticas\of_v0.11.2_vs2017_release\apps\myapps\cmi\addons\ofxopencv\src\ofxcvimage.obj
d:\fct\cm\praticas\of_v0.11.2_vs2017_release\apps\myapps\cmi\addons\ofxopencv\src\ofxcvhaarfinder.obj
d:\fct\cm\praticas\of_v0.11.2_vs2017_release\apps\myapps\cmi\addons\ofxopencv\src\ofxcvgrayscaleimage.obj
d:\fct\cm\praticas\of_v0.11.2_vs2017_release\apps\myapps\cmi\addons\ofxopencv\src\ofxcvcolorimage.obj
d:\fct\cm\praticas\of_v0.11.2_vs2017_release\apps\myapps\cmi\addons\ofxopencv\src\ofxcvcontourfinder.obj
d:\fct\cm\praticas\of_v0.11.2_vs2017_release\apps\myapps\cmi\addons\ofxxmlsettings\src\ofxxmlsettings.obj
d:\fct\cm\praticas\of_v0.11.2_vs2017_release\apps\myapps\cmi\addons\ofxxmlsettings\libs\tinyxmlparser.obj
d:\fct\cm\praticas\of_v0.11.2_vs2017_release\apps\myapps\cmi\addons\ofxxmlsettings\libs\tinyxmlerror.obj
d:\fct\cm\praticas\of_v0.11.2_vs2017_release\apps\myapps\cmi\addons\ofxxmlsettings\libs\tinyxml.obj
d:\fct\cm\praticas\of_v0.11.2_vs2017_release\apps\myapps\cmi\collaborativemediawall\obj\x64\debug\src\ofapp.obj
d:\fct\cm\praticas\of_v0.11.2_vs2017_release\apps\myapps\cmi\collaborativemediawall\obj\x64\debug\src\main.obj
d:\fct\cm\praticas\of_v0.11.2_vs2017_release\apps\myapps\cmi\collaborativemediawall\obj\x64\debug\src\gallery\gallery.obj
d:\fct\cm\praticas\of_v0.11.2_vs2017_release\apps\myapps\cmi\collaborativemediawall\bin\collaborativemediawall_debug.lib
d:\fct\cm\praticas\of_v0.11.2_vs2017_release\apps\myapps\cmi\collaborativemediawall\bin\collaborativemediawall_debug.exp
d:\fct\cm\praticas\of_v0.11.2_vs2017_release\apps\myapps\cmi\collaborativemediawall\bin\collaborativemediawall_debug.exe
d:\fct\cm\praticas\of_v0.11.2_vs2017_release\apps\myapps\cmi\collaborativemediawall\bin\collaborativemediawall_debug.ilk
d:\fct\cm\praticas\of_v0.11.2_vs2017_release\apps\myapps\cmi\collaborativemediawall\bin\collaborativemediawall_debug.pdb
d:\fct\cm\praticas\of_v0.11.2_vs2017_release\apps\myapps\cmi\collaborativemediawall\obj\x64\debug\icon.res
d:\fct\cm\praticas\of_v0.11.2_vs2017_release\apps\myapps\cmi\collaborativemediawall\obj\x64\debug\collabor.7fd42df7.tlog\cl.command.1.tlog
d:\fct\cm\praticas\of_v0.11.2_vs2017_release\apps\myapps\cmi\collaborativemediawall\obj\x64\debug\collabor.7fd42df7.tlog\cl.read.1.tlog
d:\fct\cm\praticas\of_v0.11.2_vs2017_release\apps\myapps\cmi\collaborativemediawall\obj\x64\debug\collabor.7fd42df7.tlog\cl.write.1.tlog
d:\fct\cm\praticas\of_v0.11.2_vs2017_release\apps\myapps\cmi\collaborativemediawall\obj\x64\debug\collabor.7fd42df7.tlog\collaborativemediawall.write.1u.tlog
d:\fct\cm\praticas\of_v0.11.2_vs2017_release\apps\myapps\cmi\collaborativemediawall\obj\x64\debug\collabor.7fd42df7.tlog\link.command.1.tlog
d:\fct\cm\praticas\of_v0.11.2_vs2017_release\apps\myapps\cmi\collaborativemediawall\obj\x64\debug\collabor.7fd42df7.tlog\link.read.1.tlog
d:\fct\cm\praticas\of_v0.11.2_vs2017_release\apps\myapps\cmi\collaborativemediawall\obj\x64\debug\collabor.7fd42df7.tlog\link.write.1.tlog
d:\fct\cm\praticas\of_v0.11.2_vs2017_release\apps\myapps\cmi\collaborativemediawall\obj\x64\debug\collabor.7fd42df7.tlog\rc.command.1.tlog
d:\fct\cm\praticas\of_v0.11.2_vs2017_release\apps\myapps\cmi\collaborativemediawall\obj\x64\debug\collabor.7fd42df7.tlog\rc.read.1.tlog
d:\fct\cm\praticas\of_v0.11.2_vs2017_release\apps\myapps\cmi\collaborativemediawall\obj\x64\debug\collabor.7fd42df7.tlog\rc.write.1.tlog
