  ofxDatGuiComponent.cpp
  Info: Boost.Config is older than your compiler version - probably nothing bad will happen - but you may wish to look for an update Boost version.  Define BOOST_CONFIG_SUPPRESS_OUTDATED_MESSAGE to suppress this message.
D:\FCT\CM\PRATICAS\of_v0.11.2_vs2017_release\libs\openFrameworks\math\ofMatrix4x4.h(326,1): warning C4267: 'argument': conversion from 'size_t' to 'int', possible loss of data
D:\FCT\CM\PRATICAS\of_v0.11.2_vs2017_release\libs\openFrameworks\math\ofMatrix4x4.h(331,1): warning C4267: 'argument': conversion from 'size_t' to 'int', possible loss of data
D:\FCT\CM\PRATICAS\of_v0.11.2_vs2017_release\libs\openFrameworks\math\ofMatrix4x4.h(912,12): warning C4267: 'argument': conversion from 'size_t' to 'int', possible loss of data
D:\FCT\CM\PRATICAS\of_v0.11.2_vs2017_release\libs\openFrameworks\math\ofMatrix4x4.h(913,12): warning C4267: 'argument': conversion from 'size_t' to 'int', possible loss of data
D:\FCT\CM\PRATICAS\of_v0.11.2_vs2017_release\libs\openFrameworks\math\ofMatrix4x4.h(914,12): warning C4267: 'argument': conversion from 'size_t' to 'int', possible loss of data
D:\FCT\CM\PRATICAS\of_v0.11.2_vs2017_release\libs\openFrameworks\math\ofMatrix4x4.h(915,12): warning C4267: 'argument': conversion from 'size_t' to 'int', possible loss of data
  ofxSmartFont.cpp
D:\FCT\CM\PRATICAS\of_v0.11.2_vs2017_release\libs\openFrameworks\math\ofMatrix4x4.h(326,1): warning C4267: 'argument': conversion from 'size_t' to 'int', possible loss of data
D:\FCT\CM\PRATICAS\of_v0.11.2_vs2017_release\libs\openFrameworks\math\ofMatrix4x4.h(331,1): warning C4267: 'argument': conversion from 'size_t' to 'int', possible loss of data
D:\FCT\CM\PRATICAS\of_v0.11.2_vs2017_release\libs\openFrameworks\math\ofMatrix4x4.h(912,12): warning C4267: 'argument': conversion from 'size_t' to 'int', possible loss of data
D:\FCT\CM\PRATICAS\of_v0.11.2_vs2017_release\libs\openFrameworks\math\ofMatrix4x4.h(913,12): warning C4267: 'argument': conversion from 'size_t' to 'int', possible loss of data
D:\FCT\CM\PRATICAS\of_v0.11.2_vs2017_release\libs\openFrameworks\math\ofMatrix4x4.h(914,12): warning C4267: 'argument': conversion from 'size_t' to 'int', possible loss of data
D:\FCT\CM\PRATICAS\of_v0.11.2_vs2017_release\libs\openFrameworks\math\ofMatrix4x4.h(915,12): warning C4267: 'argument': conversion from 'size_t' to 'int', possible loss of data
  Info: Boost.Config is older than your compiler version - probably nothing bad will happen - but you may wish to look for an update Boost version.  Define BOOST_CONFIG_SUPPRESS_OUTDATED_MESSAGE to suppress this message.
  ofxDatGui.cpp
  Info: Boost.Config is older than your compiler version - probably nothing bad will happen - but you may wish to look for an update Boost version.  Define BOOST_CONFIG_SUPPRESS_OUTDATED_MESSAGE to suppress this message.
D:\FCT\CM\PRATICAS\of_v0.11.2_vs2017_release\libs\openFrameworks\math\ofMatrix4x4.h(326,1): warning C4267: 'argument': conversion from 'size_t' to 'int', possible loss of data
D:\FCT\CM\PRATICAS\of_v0.11.2_vs2017_release\libs\openFrameworks\math\ofMatrix4x4.h(331,1): warning C4267: 'argument': conversion from 'size_t' to 'int', possible loss of data
D:\FCT\CM\PRATICAS\of_v0.11.2_vs2017_release\libs\openFrameworks\math\ofMatrix4x4.h(912,12): warning C4267: 'argument': conversion from 'size_t' to 'int', possible loss of data
D:\FCT\CM\PRATICAS\of_v0.11.2_vs2017_release\libs\openFrameworks\math\ofMatrix4x4.h(913,12): warning C4267: 'argument': conversion from 'size_t' to 'int', possible loss of data
D:\FCT\CM\PRATICAS\of_v0.11.2_vs2017_release\libs\openFrameworks\math\ofMatrix4x4.h(914,12): warning C4267: 'argument': conversion from 'size_t' to 'int', possible loss of data
D:\FCT\CM\PRATICAS\of_v0.11.2_vs2017_release\libs\openFrameworks\math\ofMatrix4x4.h(915,12): warning C4267: 'argument': conversion from 'size_t' to 'int', possible loss of data
D:\FCT\CM\PRATICAS\of_v0.11.2_vs2017_release\addons\ofxDatGui-master\src\components\ofxDatGuiTextInputField.h(173,1): warning C4267: 'argument': conversion from 'size_t' to 'int', possible loss of data
D:\FCT\CM\PRATICAS\of_v0.11.2_vs2017_release\addons\ofxDatGui-master\src\components\ofxDatGuiSlider.h(334,1): warning C4267: 'initializing': conversion from 'size_t' to 'int', possible loss of data
D:\FCT\CM\PRATICAS\of_v0.11.2_vs2017_release\addons\ofxDatGui-master\src\components\ofxDatGuiSlider.h(337,1): warning C4267: '=': conversion from 'size_t' to 'int', possible loss of data
D:\FCT\CM\PRATICAS\of_v0.11.2_vs2017_release\addons\ofxDatGui-master\src\components\ofxDatGuiScrollView.h(74,1): warning C4267: 'argument': conversion from 'size_t' to 'int', possible loss of data
D:\FCT\CM\PRATICAS\of_v0.11.2_vs2017_release\addons\ofxDatGui-master\src\components\ofxDatGuiScrollView.h(182,1): warning C4267: 'return': conversion from 'size_t' to 'int', possible loss of data
D:\FCT\CM\PRATICAS\of_v0.11.2_vs2017_release\addons\ofxDatGui-master\src\components\ofxDatGuiGroups.h(397,1): warning C4267: 'argument': conversion from 'size_t' to 'int', possible loss of data
D:\FCT\CM\PRATICAS\of_v0.11.2_vs2017_release\addons\ofxDatGui-master\src\components\ofxDatGuiGroups.h(456,1): warning C4267: 'argument': conversion from 'size_t' to 'int', possible loss of data
D:\FCT\CM\PRATICAS\of_v0.11.2_vs2017_release\addons\ofxDatGui-master\src\components\ofxDatGuiGroups.h(492,1): warning C4267: 'return': conversion from 'size_t' to 'int', possible loss of data
D:\FCT\CM\PRATICAS\of_v0.11.2_vs2017_release\addons\ofxDatGui-master\src\ofxDatGui.cpp(71,35): warning C4267: 'argument': conversion from 'size_t' to 'int', possible loss of data
D:\FCT\CM\PRATICAS\of_v0.11.2_vs2017_release\addons\ofxDatGui-master\src\ofxDatGui.cpp(853,9): warning C4267: 'initializing': conversion from 'size_t' to 'int', possible loss of data
  ofxBaseGui.cpp
  ofxButton.cpp
  ofxColorPicker.cpp
  ofxGuiGroup.cpp
  ofxInputField.cpp
  ofxLabel.cpp
  Info: Boost.Config is older than your compiler version - probably nothing bad will happen - but you may wish to look for an update Boost version.  Define BOOST_CONFIG_SUPPRESS_OUTDATED_MESSAGE to suppress this message.
  Info: Boost.Config is older than your compiler version - probably nothing bad will happen - but you may wish to look for an update Boost version.  Define BOOST_CONFIG_SUPPRESS_OUTDATED_MESSAGE to suppress this message.
  Info: Boost.Config is older than your compiler version - probably nothing bad will happen - but you may wish to look for an update Boost version.  Define BOOST_CONFIG_SUPPRESS_OUTDATED_MESSAGE to suppress this message.
  Info: Boost.Config is older than your compiler version - probably nothing bad will happen - but you may wish to look for an update Boost version.  Define BOOST_CONFIG_SUPPRESS_OUTDATED_MESSAGE to suppress this message.
  Info: Boost.Config is older than your compiler version - probably nothing bad will happen - but you may wish to look for an update Boost version.  Define BOOST_CONFIG_SUPPRESS_OUTDATED_MESSAGE to suppress this message.
  Info: Boost.Config is older than your compiler version - probably nothing bad will happen - but you may wish to look for an update Boost version.  Define BOOST_CONFIG_SUPPRESS_OUTDATED_MESSAGE to suppress this message.
D:\FCT\CM\PRATICAS\of_v0.11.2_vs2017_release\libs\openFrameworks\math\ofMatrix4x4.h(326,1): warning C4267: 'argument': conversion from 'size_t' to 'int', possible loss of data (compiling source file ..\..\..\..\addons\ofxGui\src\ofxButton.cpp)
D:\FCT\CM\PRATICAS\of_v0.11.2_vs2017_release\libs\openFrameworks\math\ofMatrix4x4.h(331,1): warning C4267: 'argument': conversion from 'size_t' to 'int', possible loss of data (compiling source file ..\..\..\..\addons\ofxGui\src\ofxButton.cpp)
D:\FCT\CM\PRATICAS\of_v0.11.2_vs2017_release\libs\openFrameworks\math\ofMatrix4x4.h(912,12): warning C4267: 'argument': conversion from 'size_t' to 'int', possible loss of data (compiling source file ..\..\..\..\addons\ofxGui\src\ofxButton.cpp)
D:\FCT\CM\PRATICAS\of_v0.11.2_vs2017_release\libs\openFrameworks\math\ofMatrix4x4.h(913,12): warning C4267: 'argument': conversion from 'size_t' to 'int', possible loss of data (compiling source file ..\..\..\..\addons\ofxGui\src\ofxButton.cpp)
D:\FCT\CM\PRATICAS\of_v0.11.2_vs2017_release\libs\openFrameworks\math\ofMatrix4x4.h(914,12): warning C4267: 'argument': conversion from 'size_t' to 'int', possible loss of data (compiling source file ..\..\..\..\addons\ofxGui\src\ofxButton.cpp)
D:\FCT\CM\PRATICAS\of_v0.11.2_vs2017_release\libs\openFrameworks\math\ofMatrix4x4.h(915,12): warning C4267: 'argument': conversion from 'size_t' to 'int', possible loss of data (compiling source file ..\..\..\..\addons\ofxGui\src\ofxButton.cpp)
D:\FCT\CM\PRATICAS\of_v0.11.2_vs2017_release\libs\openFrameworks\math\ofMatrix4x4.h(326,1): warning C4267: 'argument': conversion from 'size_t' to 'int', possible loss of data (compiling source file ..\..\..\..\addons\ofxGui\src\ofxGuiGroup.cpp)
D:\FCT\CM\PRATICAS\of_v0.11.2_vs2017_release\libs\openFrameworks\math\ofMatrix4x4.h(331,1): warning C4267: 'argument': conversion from 'size_t' to 'int', possible loss of data (compiling source file ..\..\..\..\addons\ofxGui\src\ofxGuiGroup.cpp)
D:\FCT\CM\PRATICAS\of_v0.11.2_vs2017_release\libs\openFrameworks\math\ofMatrix4x4.h(912,12): warning C4267: 'argument': conversion from 'size_t' to 'int', possible loss of data (compiling source file ..\..\..\..\addons\ofxGui\src\ofxGuiGroup.cpp)
D:\FCT\CM\PRATICAS\of_v0.11.2_vs2017_release\libs\openFrameworks\math\ofMatrix4x4.h(913,12): warning C4267: 'argument': conversion from 'size_t' to 'int', possible loss of data (compiling source file ..\..\..\..\addons\ofxGui\src\ofxGuiGroup.cpp)
D:\FCT\CM\PRATICAS\of_v0.11.2_vs2017_release\libs\openFrameworks\math\ofMatrix4x4.h(914,12): warning C4267: 'argument': conversion from 'size_t' to 'int', possible loss of data (compiling source file ..\..\..\..\addons\ofxGui\src\ofxGuiGroup.cpp)
D:\FCT\CM\PRATICAS\of_v0.11.2_vs2017_release\libs\openFrameworks\math\ofMatrix4x4.h(915,12): warning C4267: 'argument': conversion from 'size_t' to 'int', possible loss of data (compiling source file ..\..\..\..\addons\ofxGui\src\ofxGuiGroup.cpp)
D:\FCT\CM\PRATICAS\of_v0.11.2_vs2017_release\libs\openFrameworks\math\ofMatrix4x4.h(326,1): warning C4267: 'argument': conversion from 'size_t' to 'int', possible loss of data (compiling source file ..\..\..\..\addons\ofxGui\src\ofxLabel.cpp)
D:\FCT\CM\PRATICAS\of_v0.11.2_vs2017_release\libs\openFrameworks\math\ofMatrix4x4.h(331,1): warning C4267: 'argument': conversion from 'size_t' to 'int', possible loss of data (compiling source file ..\..\..\..\addons\ofxGui\src\ofxLabel.cpp)
D:\FCT\CM\PRATICAS\of_v0.11.2_vs2017_release\libs\openFrameworks\math\ofMatrix4x4.h(912,12): warning C4267: 'argument': conversion from 'size_t' to 'int', possible loss of data (compiling source file ..\..\..\..\addons\ofxGui\src\ofxLabel.cpp)
D:\FCT\CM\PRATICAS\of_v0.11.2_vs2017_release\libs\openFrameworks\math\ofMatrix4x4.h(913,12): warning C4267: 'argument': conversion from 'size_t' to 'int', possible loss of data (compiling source file ..\..\..\..\addons\ofxGui\src\ofxLabel.cpp)
D:\FCT\CM\PRATICAS\of_v0.11.2_vs2017_release\libs\openFrameworks\math\ofMatrix4x4.h(914,12): warning C4267: 'argument': conversion from 'size_t' to 'int', possible loss of data (compiling source file ..\..\..\..\addons\ofxGui\src\ofxLabel.cpp)
D:\FCT\CM\PRATICAS\of_v0.11.2_vs2017_release\libs\openFrameworks\math\ofMatrix4x4.h(915,12): warning C4267: 'argument': conversion from 'size_t' to 'int', possible loss of data (compiling source file ..\..\..\..\addons\ofxGui\src\ofxLabel.cpp)
D:\FCT\CM\PRATICAS\of_v0.11.2_vs2017_release\libs\openFrameworks\math\ofMatrix4x4.h(326,1): warning C4267: 'argument': conversion from 'size_t' to 'int', possible loss of data (compiling source file ..\..\..\..\addons\ofxGui\src\ofxColorPicker.cpp)
D:\FCT\CM\PRATICAS\of_v0.11.2_vs2017_release\libs\openFrameworks\math\ofMatrix4x4.h(331,1): warning C4267: 'argument': conversion from 'size_t' to 'int', possible loss of data (compiling source file ..\..\..\..\addons\ofxGui\src\ofxColorPicker.cpp)
D:\FCT\CM\PRATICAS\of_v0.11.2_vs2017_release\libs\openFrameworks\math\ofMatrix4x4.h(912,12): warning C4267: 'argument': conversion from 'size_t' to 'int', possible loss of data (compiling source file ..\..\..\..\addons\ofxGui\src\ofxColorPicker.cpp)
D:\FCT\CM\PRATICAS\of_v0.11.2_vs2017_release\libs\openFrameworks\math\ofMatrix4x4.h(913,12): warning C4267: 'argument': conversion from 'size_t' to 'int', possible loss of data (compiling source file ..\..\..\..\addons\ofxGui\src\ofxColorPicker.cpp)
D:\FCT\CM\PRATICAS\of_v0.11.2_vs2017_release\libs\openFrameworks\math\ofMatrix4x4.h(914,12): warning C4267: 'argument': conversion from 'size_t' to 'int', possible loss of data (compiling source file ..\..\..\..\addons\ofxGui\src\ofxColorPicker.cpp)
D:\FCT\CM\PRATICAS\of_v0.11.2_vs2017_release\libs\openFrameworks\math\ofMatrix4x4.h(915,12): warning C4267: 'argument': conversion from 'size_t' to 'int', possible loss of data (compiling source file ..\..\..\..\addons\ofxGui\src\ofxColorPicker.cpp)
D:\FCT\CM\PRATICAS\of_v0.11.2_vs2017_release\libs\openFrameworks\math\ofMatrix4x4.h(326,1): warning C4267: 'argument': conversion from 'size_t' to 'int', possible loss of data (compiling source file ..\..\..\..\addons\ofxGui\src\ofxBaseGui.cpp)
D:\FCT\CM\PRATICAS\of_v0.11.2_vs2017_release\libs\openFrameworks\math\ofMatrix4x4.h(331,1): warning C4267: 'argument': conversion from 'size_t' to 'int', possible loss of data (compiling source file ..\..\..\..\addons\ofxGui\src\ofxBaseGui.cpp)
D:\FCT\CM\PRATICAS\of_v0.11.2_vs2017_release\libs\openFrameworks\math\ofMatrix4x4.h(912,12): warning C4267: 'argument': conversion from 'size_t' to 'int', possible loss of data (compiling source file ..\..\..\..\addons\ofxGui\src\ofxBaseGui.cpp)
D:\FCT\CM\PRATICAS\of_v0.11.2_vs2017_release\libs\openFrameworks\math\ofMatrix4x4.h(913,12): warning C4267: 'argument': conversion from 'size_t' to 'int', possible loss of data (compiling source file ..\..\..\..\addons\ofxGui\src\ofxBaseGui.cpp)
D:\FCT\CM\PRATICAS\of_v0.11.2_vs2017_release\libs\openFrameworks\math\ofMatrix4x4.h(914,12): warning C4267: 'argument': conversion from 'size_t' to 'int', possible loss of data (compiling source file ..\..\..\..\addons\ofxGui\src\ofxBaseGui.cpp)
D:\FCT\CM\PRATICAS\of_v0.11.2_vs2017_release\libs\openFrameworks\math\ofMatrix4x4.h(915,12): warning C4267: 'argument': conversion from 'size_t' to 'int', possible loss of data (compiling source file ..\..\..\..\addons\ofxGui\src\ofxBaseGui.cpp)
D:\FCT\CM\PRATICAS\of_v0.11.2_vs2017_release\libs\openFrameworks\math\ofMatrix4x4.h(326,1): warning C4267: 'argument': conversion from 'size_t' to 'int', possible loss of data (compiling source file ..\..\..\..\addons\ofxGui\src\ofxInputField.cpp)
D:\FCT\CM\PRATICAS\of_v0.11.2_vs2017_release\libs\openFrameworks\math\ofMatrix4x4.h(331,1): warning C4267: 'argument': conversion from 'size_t' to 'int', possible loss of data (compiling source file ..\..\..\..\addons\ofxGui\src\ofxInputField.cpp)
D:\FCT\CM\PRATICAS\of_v0.11.2_vs2017_release\libs\openFrameworks\math\ofMatrix4x4.h(912,12): warning C4267: 'argument': conversion from 'size_t' to 'int', possible loss of data (compiling source file ..\..\..\..\addons\ofxGui\src\ofxInputField.cpp)
D:\FCT\CM\PRATICAS\of_v0.11.2_vs2017_release\libs\openFrameworks\math\ofMatrix4x4.h(913,12): warning C4267: 'argument': conversion from 'size_t' to 'int', possible loss of data (compiling source file ..\..\..\..\addons\ofxGui\src\ofxInputField.cpp)
D:\FCT\CM\PRATICAS\of_v0.11.2_vs2017_release\libs\openFrameworks\math\ofMatrix4x4.h(914,12): warning C4267: 'argument': conversion from 'size_t' to 'int', possible loss of data (compiling source file ..\..\..\..\addons\ofxGui\src\ofxInputField.cpp)
D:\FCT\CM\PRATICAS\of_v0.11.2_vs2017_release\libs\openFrameworks\math\ofMatrix4x4.h(915,12): warning C4267: 'argument': conversion from 'size_t' to 'int', possible loss of data (compiling source file ..\..\..\..\addons\ofxGui\src\ofxInputField.cpp)
D:\FCT\CM\PRATICAS\of_v0.11.2_vs2017_release\addons\ofxGui\src\ofxColorPicker.cpp(215,1): warning C4267: 'argument': conversion from 'size_t' to 'int', possible loss of data
D:\FCT\CM\PRATICAS\of_v0.11.2_vs2017_release\addons\ofxGui\src\ofxColorPicker.cpp(194): message : while compiling class template member function 'ofMesh ofxColorPicker_<unsigned char>::getColorPoint(void)'
D:\FCT\CM\PRATICAS\of_v0.11.2_vs2017_release\addons\ofxGui\src\ofxColorPicker.cpp(486): message : see reference to function template instantiation 'ofMesh ofxColorPicker_<unsigned char>::getColorPoint(void)' being compiled
D:\FCT\CM\PRATICAS\of_v0.11.2_vs2017_release\addons\ofxGui\src\ofxColorPicker.cpp(491): message : see reference to class template instantiation 'ofxColorPicker_<unsigned char>' being compiled
D:\FCT\CM\PRATICAS\of_v0.11.2_vs2017_release\addons\ofxGui\src\ofxColorPicker.cpp(216,1): warning C4267: 'argument': conversion from 'size_t' to 'int', possible loss of data
D:\FCT\CM\PRATICAS\of_v0.11.2_vs2017_release\addons\ofxGui\src\ofxColorPicker.cpp(225,1): warning C4267: 'argument': conversion from 'size_t' to 'int', possible loss of data
D:\FCT\CM\PRATICAS\of_v0.11.2_vs2017_release\addons\ofxGui\src\ofxColorPicker.cpp(226,1): warning C4267: 'argument': conversion from 'size_t' to 'int', possible loss of data
D:\FCT\CM\PRATICAS\of_v0.11.2_vs2017_release\addons\ofxGui\src\ofxColorPicker.cpp(245,1): warning C4267: 'argument': conversion from 'size_t' to 'int', possible loss of data
D:\FCT\CM\PRATICAS\of_v0.11.2_vs2017_release\addons\ofxGui\src\ofxColorPicker.cpp(236): message : while compiling class template member function 'ofMesh ofxColorPicker_<unsigned char>::getColorWheel(void)'
D:\FCT\CM\PRATICAS\of_v0.11.2_vs2017_release\addons\ofxGui\src\ofxColorPicker.cpp(485): message : see reference to function template instantiation 'ofMesh ofxColorPicker_<unsigned char>::getColorWheel(void)' being compiled
D:\FCT\CM\PRATICAS\of_v0.11.2_vs2017_release\addons\ofxGui\src\ofxColorPicker.cpp(246,1): warning C4267: 'argument': conversion from 'size_t' to 'int', possible loss of data
D:\FCT\CM\PRATICAS\of_v0.11.2_vs2017_release\addons\ofxGui\src\ofxInputField.cpp(370,1): warning C4267: 'argument': conversion from 'size_t' to 'int', possible loss of data
D:\FCT\CM\PRATICAS\of_v0.11.2_vs2017_release\addons\ofxGui\src\ofxInputField.cpp(352): message : while compiling class template member function 'bool ofxInputField<float>::mousePressed(ofMouseEventArgs &)'
D:\FCT\CM\PRATICAS\of_v0.11.2_vs2017_release\addons\ofxGui\src\ofxInputField.cpp(805): message : see reference to class template instantiation 'ofxInputField<float>' being compiled
D:\FCT\CM\PRATICAS\of_v0.11.2_vs2017_release\addons\ofxGui\src\ofxInputField.cpp(531,1): warning C4267: 'argument': conversion from 'size_t' to 'int', possible loss of data
D:\FCT\CM\PRATICAS\of_v0.11.2_vs2017_release\addons\ofxGui\src\ofxInputField.cpp(472): message : while compiling class template member function 'bool ofxInputField<float>::keyPressed(ofKeyEventArgs &)'
D:\FCT\CM\PRATICAS\of_v0.11.2_vs2017_release\addons\ofxGui\src\ofxInputField.cpp(558,1): warning C4267: 'argument': conversion from 'size_t' to 'int', possible loss of data
D:\FCT\CM\PRATICAS\of_v0.11.2_vs2017_release\addons\ofxGui\src\ofxInputField.cpp(560,1): warning C4267: 'argument': conversion from 'size_t' to 'int', possible loss of data
D:\FCT\CM\PRATICAS\of_v0.11.2_vs2017_release\addons\ofxGui\src\ofxInputField.cpp(776,1): warning C4267: 'argument': conversion from 'size_t' to 'int', possible loss of data
D:\FCT\CM\PRATICAS\of_v0.11.2_vs2017_release\addons\ofxGui\src\ofxInputField.cpp(773): message : while compiling class template member function 'void ofxInputField<float>::valueChanged(Type &)'
          with
          [
              Type=float
          ]
D:\FCT\CM\PRATICAS\of_v0.11.2_vs2017_release\addons\ofxGui\src\ofxInputField.cpp(148): message : see reference to function template instantiation 'void ofxInputField<float>::valueChanged(Type &)' being compiled
          with
          [
              Type=float
          ]
  ofxPanel.cpp
  ofxSlider.cpp
D:\FCT\CM\PRATICAS\of_v0.11.2_vs2017_release\libs\openFrameworks\graphics\ofPolyline.inl(409,1): warning C4267: '=': conversion from 'size_t' to 'int', possible loss of data (compiling source file ..\..\..\..\addons\ofxGui\src\ofxColorPicker.cpp)
D:\FCT\CM\PRATICAS\of_v0.11.2_vs2017_release\libs\openFrameworks\graphics\ofPolyline.inl(331): message : while compiling class template member function 'void ofPolyline_<ofDefaultVertexType>::arc(const T &,float,float,float,float,bool,int)'
          with
          [
              T=ofDefaultVertexType
          ] (compiling source file ..\..\..\..\addons\ofxGui\src\ofxColorPicker.cpp)
D:\FCT\CM\PRATICAS\of_v0.11.2_vs2017_release\addons\ofxGui\src\ofxColorPicker.cpp(208): message : see reference to function template instantiation 'void ofPolyline_<ofDefaultVertexType>::arc(const T &,float,float,float,float,bool,int)' being compiled
          with
          [
              T=ofDefaultVertexType
          ]
D:\FCT\CM\PRATICAS\of_v0.11.2_vs2017_release\addons\ofxGui\src\ofxColorPicker.cpp(194): message : while compiling class template member function 'ofMesh ofxColorPicker_<unsigned char>::getColorPoint(void)'
D:\FCT\CM\PRATICAS\of_v0.11.2_vs2017_release\addons\ofxGui\src\ofxColorPicker.cpp(486): message : see reference to function template instantiation 'ofMesh ofxColorPicker_<unsigned char>::getColorPoint(void)' being compiled
  ofxSliderGroup.cpp
  Info: Boost.Config is older than your compiler version - probably nothing bad will happen - but you may wish to look for an update Boost version.  Define BOOST_CONFIG_SUPPRESS_OUTDATED_MESSAGE to suppress this message.
  Info: Boost.Config is older than your compiler version - probably nothing bad will happen - but you may wish to look for an update Boost version.  Define BOOST_CONFIG_SUPPRESS_OUTDATED_MESSAGE to suppress this message.
  ofxToggle.cpp
D:\FCT\CM\PRATICAS\of_v0.11.2_vs2017_release\libs\openFrameworks\math\ofMatrix4x4.h(326,1): warning C4267: 'argument': conversion from 'size_t' to 'int', possible loss of data (compiling source file ..\..\..\..\addons\ofxGui\src\ofxPanel.cpp)
D:\FCT\CM\PRATICAS\of_v0.11.2_vs2017_release\libs\openFrameworks\math\ofMatrix4x4.h(331,1): warning C4267: 'argument': conversion from 'size_t' to 'int', possible loss of data (compiling source file ..\..\..\..\addons\ofxGui\src\ofxPanel.cpp)
D:\FCT\CM\PRATICAS\of_v0.11.2_vs2017_release\libs\openFrameworks\math\ofMatrix4x4.h(912,12): warning C4267: 'argument': conversion from 'size_t' to 'int', possible loss of data (compiling source file ..\..\..\..\addons\ofxGui\src\ofxPanel.cpp)
D:\FCT\CM\PRATICAS\of_v0.11.2_vs2017_release\libs\openFrameworks\math\ofMatrix4x4.h(913,12): warning C4267: 'argument': conversion from 'size_t' to 'int', possible loss of data (compiling source file ..\..\..\..\addons\ofxGui\src\ofxPanel.cpp)
D:\FCT\CM\PRATICAS\of_v0.11.2_vs2017_release\libs\openFrameworks\math\ofMatrix4x4.h(914,12): warning C4267: 'argument': conversion from 'size_t' to 'int', possible loss of data (compiling source file ..\..\..\..\addons\ofxGui\src\ofxPanel.cpp)
D:\FCT\CM\PRATICAS\of_v0.11.2_vs2017_release\libs\openFrameworks\math\ofMatrix4x4.h(915,12): warning C4267: 'argument': conversion from 'size_t' to 'int', possible loss of data (compiling source file ..\..\..\..\addons\ofxGui\src\ofxPanel.cpp)
  Info: Boost.Config is older than your compiler version - probably nothing bad will happen - but you may wish to look for an update Boost version.  Define BOOST_CONFIG_SUPPRESS_OUTDATED_MESSAGE to suppress this message.
D:\FCT\CM\PRATICAS\of_v0.11.2_vs2017_release\libs\openFrameworks\math\ofMatrix4x4.h(326,1): warning C4267: 'argument': conversion from 'size_t' to 'int', possible loss of data (compiling source file ..\..\..\..\addons\ofxGui\src\ofxSlider.cpp)
D:\FCT\CM\PRATICAS\of_v0.11.2_vs2017_release\libs\openFrameworks\math\ofMatrix4x4.h(331,1): warning C4267: 'argument': conversion from 'size_t' to 'int', possible loss of data (compiling source file ..\..\..\..\addons\ofxGui\src\ofxSlider.cpp)
D:\FCT\CM\PRATICAS\of_v0.11.2_vs2017_release\libs\openFrameworks\math\ofMatrix4x4.h(912,12): warning C4267: 'argument': conversion from 'size_t' to 'int', possible loss of data (compiling source file ..\..\..\..\addons\ofxGui\src\ofxSlider.cpp)
D:\FCT\CM\PRATICAS\of_v0.11.2_vs2017_release\libs\openFrameworks\math\ofMatrix4x4.h(913,12): warning C4267: 'argument': conversion from 'size_t' to 'int', possible loss of data (compiling source file ..\..\..\..\addons\ofxGui\src\ofxSlider.cpp)
D:\FCT\CM\PRATICAS\of_v0.11.2_vs2017_release\libs\openFrameworks\math\ofMatrix4x4.h(914,12): warning C4267: 'argument': conversion from 'size_t' to 'int', possible loss of data (compiling source file ..\..\..\..\addons\ofxGui\src\ofxSlider.cpp)
D:\FCT\CM\PRATICAS\of_v0.11.2_vs2017_release\libs\openFrameworks\math\ofMatrix4x4.h(915,12): warning C4267: 'argument': conversion from 'size_t' to 'int', possible loss of data (compiling source file ..\..\..\..\addons\ofxGui\src\ofxSlider.cpp)
D:\FCT\CM\PRATICAS\of_v0.11.2_vs2017_release\libs\openFrameworks\math\ofMatrix4x4.h(326,1): warning C4267: 'argument': conversion from 'size_t' to 'int', possible loss of data (compiling source file ..\..\..\..\addons\ofxGui\src\ofxSliderGroup.cpp)
D:\FCT\CM\PRATICAS\of_v0.11.2_vs2017_release\libs\openFrameworks\math\ofMatrix4x4.h(331,1): warning C4267: 'argument': conversion from 'size_t' to 'int', possible loss of data (compiling source file ..\..\..\..\addons\ofxGui\src\ofxSliderGroup.cpp)
D:\FCT\CM\PRATICAS\of_v0.11.2_vs2017_release\libs\openFrameworks\math\ofMatrix4x4.h(912,12): warning C4267: 'argument': conversion from 'size_t' to 'int', possible loss of data (compiling source file ..\..\..\..\addons\ofxGui\src\ofxSliderGroup.cpp)
D:\FCT\CM\PRATICAS\of_v0.11.2_vs2017_release\libs\openFrameworks\math\ofMatrix4x4.h(913,12): warning C4267: 'argument': conversion from 'size_t' to 'int', possible loss of data (compiling source file ..\..\..\..\addons\ofxGui\src\ofxSliderGroup.cpp)
D:\FCT\CM\PRATICAS\of_v0.11.2_vs2017_release\libs\openFrameworks\math\ofMatrix4x4.h(914,12): warning C4267: 'argument': conversion from 'size_t' to 'int', possible loss of data (compiling source file ..\..\..\..\addons\ofxGui\src\ofxSliderGroup.cpp)
D:\FCT\CM\PRATICAS\of_v0.11.2_vs2017_release\libs\openFrameworks\math\ofMatrix4x4.h(915,12): warning C4267: 'argument': conversion from 'size_t' to 'int', possible loss of data (compiling source file ..\..\..\..\addons\ofxGui\src\ofxSliderGroup.cpp)
  Info: Boost.Config is older than your compiler version - probably nothing bad will happen - but you may wish to look for an update Boost version.  Define BOOST_CONFIG_SUPPRESS_OUTDATED_MESSAGE to suppress this message.
D:\FCT\CM\PRATICAS\of_v0.11.2_vs2017_release\addons\ofxGui\src\ofxSliderGroup.cpp(26,1): warning C4267: 'argument': conversion from 'size_t' to 'glm::vec<3,float,glm::packed_highp>::length_type', possible loss of data
D:\FCT\CM\PRATICAS\of_v0.11.2_vs2017_release\addons\ofxGui\src\ofxSliderGroup.cpp(11): message : while compiling class template member function 'ofxVecSlider_<ofDefaultVec3> *ofxVecSlider_<ofDefaultVec3>::setup(ofParameter<ofDefaultVec3>,float,float)'
D:\FCT\CM\PRATICAS\of_v0.11.2_vs2017_release\addons\ofxGui\src\ofxSliderGroup.cpp(7): message : see reference to function template instantiation 'ofxVecSlider_<ofDefaultVec3> *ofxVecSlider_<ofDefaultVec3>::setup(ofParameter<ofDefaultVec3>,float,float)' being compiled
D:\FCT\CM\PRATICAS\of_v0.11.2_vs2017_release\addons\ofxGui\src\ofxSliderGroup.cpp(69): message : see reference to class template instantiation 'ofxVecSlider_<ofDefaultVec3>' being compiled
D:\FCT\CM\PRATICAS\of_v0.11.2_vs2017_release\addons\ofxGui\src\ofxSliderGroup.cpp(59,1): warning C4267: 'argument': conversion from 'size_t' to 'glm::vec<3,float,glm::packed_highp>::length_type', possible loss of data
D:\FCT\CM\PRATICAS\of_v0.11.2_vs2017_release\addons\ofxGui\src\ofxSliderGroup.cpp(54): message : while compiling class template member function 'void ofxVecSlider_<ofDefaultVec3>::changeValue(VecType &)'
          with
          [
              VecType=ofDefaultVec3
          ]
D:\FCT\CM\PRATICAS\of_v0.11.2_vs2017_release\addons\ofxGui\src\ofxSliderGroup.cpp(19): message : see reference to function template instantiation 'void ofxVecSlider_<ofDefaultVec3>::changeValue(VecType &)' being compiled
          with
          [
              VecType=ofDefaultVec3
          ]
D:\FCT\CM\PRATICAS\of_v0.11.2_vs2017_release\addons\ofxGui\src\ofxSliderGroup.cpp(26,1): warning C4267: 'argument': conversion from 'size_t' to 'glm::vec<2,float,glm::packed_highp>::length_type', possible loss of data
D:\FCT\CM\PRATICAS\of_v0.11.2_vs2017_release\addons\ofxGui\src\ofxSliderGroup.cpp(11): message : while compiling class template member function 'ofxVecSlider_<ofDefaultVec2> *ofxVecSlider_<ofDefaultVec2>::setup(ofParameter<ofDefaultVec2>,float,float)'
D:\FCT\CM\PRATICAS\of_v0.11.2_vs2017_release\addons\ofxGui\src\ofxSliderGroup.cpp(7): message : see reference to function template instantiation 'ofxVecSlider_<ofDefaultVec2> *ofxVecSlider_<ofDefaultVec2>::setup(ofParameter<ofDefaultVec2>,float,float)' being compiled
D:\FCT\CM\PRATICAS\of_v0.11.2_vs2017_release\addons\ofxGui\src\ofxSliderGroup.cpp(64): message : see reference to class template instantiation 'ofxVecSlider_<ofDefaultVec2>' being compiled
D:\FCT\CM\PRATICAS\of_v0.11.2_vs2017_release\addons\ofxGui\src\ofxSliderGroup.cpp(59,1): warning C4267: 'argument': conversion from 'size_t' to 'glm::vec<2,float,glm::packed_highp>::length_type', possible loss of data
D:\FCT\CM\PRATICAS\of_v0.11.2_vs2017_release\addons\ofxGui\src\ofxSliderGroup.cpp(54): message : while compiling class template member function 'void ofxVecSlider_<ofDefaultVec2>::changeValue(VecType &)'
          with
          [
              VecType=ofDefaultVec2
          ]
D:\FCT\CM\PRATICAS\of_v0.11.2_vs2017_release\addons\ofxGui\src\ofxSliderGroup.cpp(19): message : see reference to function template instantiation 'void ofxVecSlider_<ofDefaultVec2>::changeValue(VecType &)' being compiled
          with
          [
              VecType=ofDefaultVec2
          ]
D:\FCT\CM\PRATICAS\of_v0.11.2_vs2017_release\addons\ofxGui\src\ofxSliderGroup.cpp(26,1): warning C4267: 'argument': conversion from 'size_t' to 'glm::vec<4,float,glm::packed_highp>::length_type', possible loss of data
D:\FCT\CM\PRATICAS\of_v0.11.2_vs2017_release\addons\ofxGui\src\ofxSliderGroup.cpp(11): message : while compiling class template member function 'ofxVecSlider_<ofDefaultVec4> *ofxVecSlider_<ofDefaultVec4>::setup(ofParameter<ofDefaultVec4>,float,float)'
D:\FCT\CM\PRATICAS\of_v0.11.2_vs2017_release\addons\ofxGui\src\ofxSliderGroup.cpp(7): message : see reference to function template instantiation 'ofxVecSlider_<ofDefaultVec4> *ofxVecSlider_<ofDefaultVec4>::setup(ofParameter<ofDefaultVec4>,float,float)' being compiled
D:\FCT\CM\PRATICAS\of_v0.11.2_vs2017_release\addons\ofxGui\src\ofxSliderGroup.cpp(74): message : see reference to class template instantiation 'ofxVecSlider_<ofDefaultVec4>' being compiled
D:\FCT\CM\PRATICAS\of_v0.11.2_vs2017_release\addons\ofxGui\src\ofxSliderGroup.cpp(59,1): warning C4267: 'argument': conversion from 'size_t' to 'glm::vec<4,float,glm::packed_highp>::length_type', possible loss of data
D:\FCT\CM\PRATICAS\of_v0.11.2_vs2017_release\addons\ofxGui\src\ofxSliderGroup.cpp(54): message : while compiling class template member function 'void ofxVecSlider_<ofDefaultVec4>::changeValue(VecType &)'
          with
          [
              VecType=ofDefaultVec4
          ]
D:\FCT\CM\PRATICAS\of_v0.11.2_vs2017_release\addons\ofxGui\src\ofxSliderGroup.cpp(19): message : see reference to function template instantiation 'void ofxVecSlider_<ofDefaultVec4>::changeValue(VecType &)' being compiled
          with
          [
              VecType=ofDefaultVec4
          ]
D:\FCT\CM\PRATICAS\of_v0.11.2_vs2017_release\addons\ofxGui\src\ofxSliderGroup.cpp(26,1): warning C4267: 'argument': conversion from 'size_t' to 'int', possible loss of data
D:\FCT\CM\PRATICAS\of_v0.11.2_vs2017_release\addons\ofxGui\src\ofxSliderGroup.cpp(11): message : while compiling class template member function 'ofxVecSlider_<ofVec2f> *ofxVecSlider_<ofVec2f>::setup(ofParameter<ofVec2f>,float,float)'
D:\FCT\CM\PRATICAS\of_v0.11.2_vs2017_release\addons\ofxGui\src\ofxSliderGroup.cpp(7): message : see reference to function template instantiation 'ofxVecSlider_<ofVec2f> *ofxVecSlider_<ofVec2f>::setup(ofParameter<ofVec2f>,float,float)' being compiled
D:\FCT\CM\PRATICAS\of_v0.11.2_vs2017_release\addons\ofxGui\src\ofxSliderGroup.cpp(79): message : see reference to class template instantiation 'ofxVecSlider_<ofVec2f>' being compiled
D:\FCT\CM\PRATICAS\of_v0.11.2_vs2017_release\addons\ofxGui\src\ofxSliderGroup.cpp(59,1): warning C4267: 'argument': conversion from 'size_t' to 'int', possible loss of data
D:\FCT\CM\PRATICAS\of_v0.11.2_vs2017_release\addons\ofxGui\src\ofxSliderGroup.cpp(54): message : while compiling class template member function 'void ofxVecSlider_<ofVec2f>::changeValue(VecType &)'
          with
          [
              VecType=ofVec2f
          ]
D:\FCT\CM\PRATICAS\of_v0.11.2_vs2017_release\addons\ofxGui\src\ofxSliderGroup.cpp(19): message : see reference to function template instantiation 'void ofxVecSlider_<ofVec2f>::changeValue(VecType &)' being compiled
          with
          [
              VecType=ofVec2f
          ]
D:\FCT\CM\PRATICAS\of_v0.11.2_vs2017_release\libs\openFrameworks\math\ofMatrix4x4.h(326,1): warning C4267: 'argument': conversion from 'size_t' to 'int', possible loss of data (compiling source file ..\..\..\..\addons\ofxGui\src\ofxToggle.cpp)
D:\FCT\CM\PRATICAS\of_v0.11.2_vs2017_release\libs\openFrameworks\math\ofMatrix4x4.h(331,1): warning C4267: 'argument': conversion from 'size_t' to 'int', possible loss of data (compiling source file ..\..\..\..\addons\ofxGui\src\ofxToggle.cpp)
D:\FCT\CM\PRATICAS\of_v0.11.2_vs2017_release\libs\openFrameworks\math\ofMatrix4x4.h(912,12): warning C4267: 'argument': conversion from 'size_t' to 'int', possible loss of data (compiling source file ..\..\..\..\addons\ofxGui\src\ofxToggle.cpp)
D:\FCT\CM\PRATICAS\of_v0.11.2_vs2017_release\libs\openFrameworks\math\ofMatrix4x4.h(913,12): warning C4267: 'argument': conversion from 'size_t' to 'int', possible loss of data (compiling source file ..\..\..\..\addons\ofxGui\src\ofxToggle.cpp)
D:\FCT\CM\PRATICAS\of_v0.11.2_vs2017_release\libs\openFrameworks\math\ofMatrix4x4.h(914,12): warning C4267: 'argument': conversion from 'size_t' to 'int', possible loss of data (compiling source file ..\..\..\..\addons\ofxGui\src\ofxToggle.cpp)
D:\FCT\CM\PRATICAS\of_v0.11.2_vs2017_release\libs\openFrameworks\math\ofMatrix4x4.h(915,12): warning C4267: 'argument': conversion from 'size_t' to 'int', possible loss of data (compiling source file ..\..\..\..\addons\ofxGui\src\ofxToggle.cpp)
  ofxCvColorImage.cpp
  ofxCvContourFinder.cpp
  ofxCvFloatImage.cpp
  ofxCvGrayscaleImage.cpp
  ofxCvHaarFinder.cpp
  ofxCvImage.cpp
  Info: Boost.Config is older than your compiler version - probably nothing bad will happen - but you may wish to look for an update Boost version.  Define BOOST_CONFIG_SUPPRESS_OUTDATED_MESSAGE to suppress this message.
  Info: Boost.Config is older than your compiler version - probably nothing bad will happen - but you may wish to look for an update Boost version.  Define BOOST_CONFIG_SUPPRESS_OUTDATED_MESSAGE to suppress this message.
  Info: Boost.Config is older than your compiler version - probably nothing bad will happen - but you may wish to look for an update Boost version.  Define BOOST_CONFIG_SUPPRESS_OUTDATED_MESSAGE to suppress this message.
  Info: Boost.Config is older than your compiler version - probably nothing bad will happen - but you may wish to look for an update Boost version.  Define BOOST_CONFIG_SUPPRESS_OUTDATED_MESSAGE to suppress this message.
  Info: Boost.Config is older than your compiler version - probably nothing bad will happen - but you may wish to look for an update Boost version.  Define BOOST_CONFIG_SUPPRESS_OUTDATED_MESSAGE to suppress this message.
  Info: Boost.Config is older than your compiler version - probably nothing bad will happen - but you may wish to look for an update Boost version.  Define BOOST_CONFIG_SUPPRESS_OUTDATED_MESSAGE to suppress this message.
D:\FCT\CM\PRATICAS\of_v0.11.2_vs2017_release\libs\openFrameworks\math\ofMatrix4x4.h(326,1): warning C4267: 'argument': conversion from 'size_t' to 'int', possible loss of data (compiling source file ..\..\..\..\addons\ofxOpenCv\src\ofxCvHaarFinder.cpp)
D:\FCT\CM\PRATICAS\of_v0.11.2_vs2017_release\libs\openFrameworks\math\ofMatrix4x4.h(331,1): warning C4267: 'argument': conversion from 'size_t' to 'int', possible loss of data (compiling source file ..\..\..\..\addons\ofxOpenCv\src\ofxCvHaarFinder.cpp)
D:\FCT\CM\PRATICAS\of_v0.11.2_vs2017_release\libs\openFrameworks\math\ofMatrix4x4.h(912,12): warning C4267: 'argument': conversion from 'size_t' to 'int', possible loss of data (compiling source file ..\..\..\..\addons\ofxOpenCv\src\ofxCvHaarFinder.cpp)
D:\FCT\CM\PRATICAS\of_v0.11.2_vs2017_release\libs\openFrameworks\math\ofMatrix4x4.h(913,12): warning C4267: 'argument': conversion from 'size_t' to 'int', possible loss of data (compiling source file ..\..\..\..\addons\ofxOpenCv\src\ofxCvHaarFinder.cpp)
D:\FCT\CM\PRATICAS\of_v0.11.2_vs2017_release\libs\openFrameworks\math\ofMatrix4x4.h(914,12): warning C4267: 'argument': conversion from 'size_t' to 'int', possible loss of data (compiling source file ..\..\..\..\addons\ofxOpenCv\src\ofxCvHaarFinder.cpp)
D:\FCT\CM\PRATICAS\of_v0.11.2_vs2017_release\libs\openFrameworks\math\ofMatrix4x4.h(915,12): warning C4267: 'argument': conversion from 'size_t' to 'int', possible loss of data (compiling source file ..\..\..\..\addons\ofxOpenCv\src\ofxCvHaarFinder.cpp)
D:\FCT\CM\PRATICAS\of_v0.11.2_vs2017_release\libs\openFrameworks\math\ofMatrix4x4.h(326,1): warning C4267: 'argument': conversion from 'size_t' to 'int', possible loss of data (compiling source file ..\..\..\..\addons\ofxOpenCv\src\ofxCvImage.cpp)
D:\FCT\CM\PRATICAS\of_v0.11.2_vs2017_release\libs\openFrameworks\math\ofMatrix4x4.h(331,1): warning C4267: 'argument': conversion from 'size_t' to 'int', possible loss of data (compiling source file ..\..\..\..\addons\ofxOpenCv\src\ofxCvImage.cpp)
D:\FCT\CM\PRATICAS\of_v0.11.2_vs2017_release\libs\openFrameworks\math\ofMatrix4x4.h(912,12): warning C4267: 'argument': conversion from 'size_t' to 'int', possible loss of data (compiling source file ..\..\..\..\addons\ofxOpenCv\src\ofxCvImage.cpp)
D:\FCT\CM\PRATICAS\of_v0.11.2_vs2017_release\libs\openFrameworks\math\ofMatrix4x4.h(913,12): warning C4267: 'argument': conversion from 'size_t' to 'int', possible loss of data (compiling source file ..\..\..\..\addons\ofxOpenCv\src\ofxCvImage.cpp)
D:\FCT\CM\PRATICAS\of_v0.11.2_vs2017_release\libs\openFrameworks\math\ofMatrix4x4.h(914,12): warning C4267: 'argument': conversion from 'size_t' to 'int', possible loss of data (compiling source file ..\..\..\..\addons\ofxOpenCv\src\ofxCvImage.cpp)
D:\FCT\CM\PRATICAS\of_v0.11.2_vs2017_release\libs\openFrameworks\math\ofMatrix4x4.h(915,12): warning C4267: 'argument': conversion from 'size_t' to 'int', possible loss of data (compiling source file ..\..\..\..\addons\ofxOpenCv\src\ofxCvImage.cpp)
D:\FCT\CM\PRATICAS\of_v0.11.2_vs2017_release\libs\openFrameworks\math\ofMatrix4x4.h(326,1): warning C4267: 'argument': conversion from 'size_t' to 'int', possible loss of data (compiling source file ..\..\..\..\addons\ofxOpenCv\src\ofxCvFloatImage.cpp)
D:\FCT\CM\PRATICAS\of_v0.11.2_vs2017_release\libs\openFrameworks\math\ofMatrix4x4.h(331,1): warning C4267: 'argument': conversion from 'size_t' to 'int', possible loss of data (compiling source file ..\..\..\..\addons\ofxOpenCv\src\ofxCvFloatImage.cpp)
D:\FCT\CM\PRATICAS\of_v0.11.2_vs2017_release\libs\openFrameworks\math\ofMatrix4x4.h(912,12): warning C4267: 'argument': conversion from 'size_t' to 'int', possible loss of data (compiling source file ..\..\..\..\addons\ofxOpenCv\src\ofxCvFloatImage.cpp)
D:\FCT\CM\PRATICAS\of_v0.11.2_vs2017_release\libs\openFrameworks\math\ofMatrix4x4.h(913,12): warning C4267: 'argument': conversion from 'size_t' to 'int', possible loss of data (compiling source file ..\..\..\..\addons\ofxOpenCv\src\ofxCvFloatImage.cpp)
D:\FCT\CM\PRATICAS\of_v0.11.2_vs2017_release\libs\openFrameworks\math\ofMatrix4x4.h(914,12): warning C4267: 'argument': conversion from 'size_t' to 'int', possible loss of data (compiling source file ..\..\..\..\addons\ofxOpenCv\src\ofxCvFloatImage.cpp)
D:\FCT\CM\PRATICAS\of_v0.11.2_vs2017_release\libs\openFrameworks\math\ofMatrix4x4.h(915,12): warning C4267: 'argument': conversion from 'size_t' to 'int', possible loss of data (compiling source file ..\..\..\..\addons\ofxOpenCv\src\ofxCvFloatImage.cpp)
D:\FCT\CM\PRATICAS\of_v0.11.2_vs2017_release\libs\openFrameworks\math\ofMatrix4x4.h(326,1): warning C4267: 'argument': conversion from 'size_t' to 'int', possible loss of data (compiling source file ..\..\..\..\addons\ofxOpenCv\src\ofxCvGrayscaleImage.cpp)
D:\FCT\CM\PRATICAS\of_v0.11.2_vs2017_release\libs\openFrameworks\math\ofMatrix4x4.h(331,1): warning C4267: 'argument': conversion from 'size_t' to 'int', possible loss of data (compiling source file ..\..\..\..\addons\ofxOpenCv\src\ofxCvGrayscaleImage.cpp)
D:\FCT\CM\PRATICAS\of_v0.11.2_vs2017_release\libs\openFrameworks\math\ofMatrix4x4.h(912,12): warning C4267: 'argument': conversion from 'size_t' to 'int', possible loss of data (compiling source file ..\..\..\..\addons\ofxOpenCv\src\ofxCvGrayscaleImage.cpp)
D:\FCT\CM\PRATICAS\of_v0.11.2_vs2017_release\libs\openFrameworks\math\ofMatrix4x4.h(913,12): warning C4267: 'argument': conversion from 'size_t' to 'int', possible loss of data (compiling source file ..\..\..\..\addons\ofxOpenCv\src\ofxCvGrayscaleImage.cpp)
D:\FCT\CM\PRATICAS\of_v0.11.2_vs2017_release\libs\openFrameworks\math\ofMatrix4x4.h(914,12): warning C4267: 'argument': conversion from 'size_t' to 'int', possible loss of data (compiling source file ..\..\..\..\addons\ofxOpenCv\src\ofxCvGrayscaleImage.cpp)
D:\FCT\CM\PRATICAS\of_v0.11.2_vs2017_release\libs\openFrameworks\math\ofMatrix4x4.h(915,12): warning C4267: 'argument': conversion from 'size_t' to 'int', possible loss of data (compiling source file ..\..\..\..\addons\ofxOpenCv\src\ofxCvGrayscaleImage.cpp)
D:\FCT\CM\PRATICAS\of_v0.11.2_vs2017_release\libs\openFrameworks\math\ofMatrix4x4.h(326,1): warning C4267: 'argument': conversion from 'size_t' to 'int', possible loss of data (compiling source file ..\..\..\..\addons\ofxOpenCv\src\ofxCvColorImage.cpp)
D:\FCT\CM\PRATICAS\of_v0.11.2_vs2017_release\libs\openFrameworks\math\ofMatrix4x4.h(331,1): warning C4267: 'argument': conversion from 'size_t' to 'int', possible loss of data (compiling source file ..\..\..\..\addons\ofxOpenCv\src\ofxCvColorImage.cpp)
D:\FCT\CM\PRATICAS\of_v0.11.2_vs2017_release\libs\openFrameworks\math\ofMatrix4x4.h(912,12): warning C4267: 'argument': conversion from 'size_t' to 'int', possible loss of data (compiling source file ..\..\..\..\addons\ofxOpenCv\src\ofxCvColorImage.cpp)
D:\FCT\CM\PRATICAS\of_v0.11.2_vs2017_release\libs\openFrameworks\math\ofMatrix4x4.h(913,12): warning C4267: 'argument': conversion from 'size_t' to 'int', possible loss of data (compiling source file ..\..\..\..\addons\ofxOpenCv\src\ofxCvColorImage.cpp)
D:\FCT\CM\PRATICAS\of_v0.11.2_vs2017_release\libs\openFrameworks\math\ofMatrix4x4.h(914,12): warning C4267: 'argument': conversion from 'size_t' to 'int', possible loss of data (compiling source file ..\..\..\..\addons\ofxOpenCv\src\ofxCvColorImage.cpp)
D:\FCT\CM\PRATICAS\of_v0.11.2_vs2017_release\libs\openFrameworks\math\ofMatrix4x4.h(915,12): warning C4267: 'argument': conversion from 'size_t' to 'int', possible loss of data (compiling source file ..\..\..\..\addons\ofxOpenCv\src\ofxCvColorImage.cpp)
D:\FCT\CM\PRATICAS\of_v0.11.2_vs2017_release\libs\openFrameworks\math\ofMatrix4x4.h(326,1): warning C4267: 'argument': conversion from 'size_t' to 'int', possible loss of data (compiling source file ..\..\..\..\addons\ofxOpenCv\src\ofxCvContourFinder.cpp)
D:\FCT\CM\PRATICAS\of_v0.11.2_vs2017_release\libs\openFrameworks\math\ofMatrix4x4.h(331,1): warning C4267: 'argument': conversion from 'size_t' to 'int', possible loss of data (compiling source file ..\..\..\..\addons\ofxOpenCv\src\ofxCvContourFinder.cpp)
D:\FCT\CM\PRATICAS\of_v0.11.2_vs2017_release\libs\openFrameworks\math\ofMatrix4x4.h(912,12): warning C4267: 'argument': conversion from 'size_t' to 'int', possible loss of data (compiling source file ..\..\..\..\addons\ofxOpenCv\src\ofxCvContourFinder.cpp)
D:\FCT\CM\PRATICAS\of_v0.11.2_vs2017_release\libs\openFrameworks\math\ofMatrix4x4.h(913,12): warning C4267: 'argument': conversion from 'size_t' to 'int', possible loss of data (compiling source file ..\..\..\..\addons\ofxOpenCv\src\ofxCvContourFinder.cpp)
D:\FCT\CM\PRATICAS\of_v0.11.2_vs2017_release\libs\openFrameworks\math\ofMatrix4x4.h(914,12): warning C4267: 'argument': conversion from 'size_t' to 'int', possible loss of data (compiling source file ..\..\..\..\addons\ofxOpenCv\src\ofxCvContourFinder.cpp)
D:\FCT\CM\PRATICAS\of_v0.11.2_vs2017_release\libs\openFrameworks\math\ofMatrix4x4.h(915,12): warning C4267: 'argument': conversion from 'size_t' to 'int', possible loss of data (compiling source file ..\..\..\..\addons\ofxOpenCv\src\ofxCvContourFinder.cpp)
D:\FCT\CM\PRATICAS\of_v0.11.2_vs2017_release\addons\ofxOpenCv\src\ofxCvImage.cpp(849,69): warning C4267: 'argument': conversion from 'size_t' to 'int', possible loss of data
D:\FCT\CM\PRATICAS\of_v0.11.2_vs2017_release\addons\ofxOpenCv\src\ofxCvImage.cpp(854,72): warning C4267: 'argument': conversion from 'size_t' to 'int', possible loss of data
D:\FCT\CM\PRATICAS\of_v0.11.2_vs2017_release\addons\ofxOpenCv\src\ofxCvHaarFinder.cpp(117,51): warning C4267: 'argument': conversion from 'size_t' to 'int', possible loss of data
D:\FCT\CM\PRATICAS\of_v0.11.2_vs2017_release\addons\ofxOpenCv\src\ofxCvHaarFinder.cpp(122,53): warning C4267: 'argument': conversion from 'size_t' to 'int', possible loss of data
D:\FCT\CM\PRATICAS\of_v0.11.2_vs2017_release\addons\ofxOpenCv\src\ofxCvHaarFinder.cpp(305,35): warning C4267: '=': conversion from 'size_t' to 'int', possible loss of data
D:\FCT\CM\PRATICAS\of_v0.11.2_vs2017_release\addons\ofxOpenCv\src\ofxCvContourFinder.cpp(142,38): warning C4267: '=': conversion from 'size_t' to 'int', possible loss of data
D:\FCT\CM\PRATICAS\of_v0.11.2_vs2017_release\addons\ofxOpenCv\src\ofxCvContourFinder.cpp(146,26): warning C4267: '=': conversion from 'size_t' to 'int', possible loss of data
  ofxCvShortImage.cpp
  Info: Boost.Config is older than your compiler version - probably nothing bad will happen - but you may wish to look for an update Boost version.  Define BOOST_CONFIG_SUPPRESS_OUTDATED_MESSAGE to suppress this message.
D:\FCT\CM\PRATICAS\of_v0.11.2_vs2017_release\libs\openFrameworks\math\ofMatrix4x4.h(326,1): warning C4267: 'argument': conversion from 'size_t' to 'int', possible loss of data (compiling source file ..\..\..\..\addons\ofxOpenCv\src\ofxCvShortImage.cpp)
D:\FCT\CM\PRATICAS\of_v0.11.2_vs2017_release\libs\openFrameworks\math\ofMatrix4x4.h(331,1): warning C4267: 'argument': conversion from 'size_t' to 'int', possible loss of data (compiling source file ..\..\..\..\addons\ofxOpenCv\src\ofxCvShortImage.cpp)
D:\FCT\CM\PRATICAS\of_v0.11.2_vs2017_release\libs\openFrameworks\math\ofMatrix4x4.h(912,12): warning C4267: 'argument': conversion from 'size_t' to 'int', possible loss of data (compiling source file ..\..\..\..\addons\ofxOpenCv\src\ofxCvShortImage.cpp)
D:\FCT\CM\PRATICAS\of_v0.11.2_vs2017_release\libs\openFrameworks\math\ofMatrix4x4.h(913,12): warning C4267: 'argument': conversion from 'size_t' to 'int', possible loss of data (compiling source file ..\..\..\..\addons\ofxOpenCv\src\ofxCvShortImage.cpp)
D:\FCT\CM\PRATICAS\of_v0.11.2_vs2017_release\libs\openFrameworks\math\ofMatrix4x4.h(914,12): warning C4267: 'argument': conversion from 'size_t' to 'int', possible loss of data (compiling source file ..\..\..\..\addons\ofxOpenCv\src\ofxCvShortImage.cpp)
D:\FCT\CM\PRATICAS\of_v0.11.2_vs2017_release\libs\openFrameworks\math\ofMatrix4x4.h(915,12): warning C4267: 'argument': conversion from 'size_t' to 'int', possible loss of data (compiling source file ..\..\..\..\addons\ofxOpenCv\src\ofxCvShortImage.cpp)
  ofxXmlSettings.cpp
  Info: Boost.Config is older than your compiler version - probably nothing bad will happen - but you may wish to look for an update Boost version.  Define BOOST_CONFIG_SUPPRESS_OUTDATED_MESSAGE to suppress this message.
D:\FCT\CM\PRATICAS\of_v0.11.2_vs2017_release\libs\openFrameworks\math\ofMatrix4x4.h(326,1): warning C4267: 'argument': conversion from 'size_t' to 'int', possible loss of data
D:\FCT\CM\PRATICAS\of_v0.11.2_vs2017_release\libs\openFrameworks\math\ofMatrix4x4.h(331,1): warning C4267: 'argument': conversion from 'size_t' to 'int', possible loss of data
D:\FCT\CM\PRATICAS\of_v0.11.2_vs2017_release\libs\openFrameworks\math\ofMatrix4x4.h(912,12): warning C4267: 'argument': conversion from 'size_t' to 'int', possible loss of data
D:\FCT\CM\PRATICAS\of_v0.11.2_vs2017_release\libs\openFrameworks\math\ofMatrix4x4.h(913,12): warning C4267: 'argument': conversion from 'size_t' to 'int', possible loss of data
D:\FCT\CM\PRATICAS\of_v0.11.2_vs2017_release\libs\openFrameworks\math\ofMatrix4x4.h(914,12): warning C4267: 'argument': conversion from 'size_t' to 'int', possible loss of data
D:\FCT\CM\PRATICAS\of_v0.11.2_vs2017_release\libs\openFrameworks\math\ofMatrix4x4.h(915,12): warning C4267: 'argument': conversion from 'size_t' to 'int', possible loss of data
D:\FCT\CM\PRATICAS\of_v0.11.2_vs2017_release\addons\ofxXmlSettings\src\ofxXmlSettings.cpp(202,25): warning C4267: 'initializing': conversion from 'size_t' to 'int', possible loss of data
D:\FCT\CM\PRATICAS\of_v0.11.2_vs2017_release\addons\ofxXmlSettings\src\ofxXmlSettings.cpp(282,25): warning C4267: 'initializing': conversion from 'size_t' to 'int', possible loss of data
D:\FCT\CM\PRATICAS\of_v0.11.2_vs2017_release\addons\ofxXmlSettings\src\ofxXmlSettings.cpp(575,2): warning C4996: 'sprintf': This function or variable may be unsafe. Consider using sprintf_s instead. To disable deprecation, use _CRT_SECURE_NO_WARNINGS. See online help for details.
D:\FCT\CM\PRATICAS\of_v0.11.2_vs2017_release\addons\ofxXmlSettings\src\ofxXmlSettings.cpp(583,2): warning C4996: 'sprintf': This function or variable may be unsafe. Consider using sprintf_s instead. To disable deprecation, use _CRT_SECURE_NO_WARNINGS. See online help for details.
D:\FCT\CM\PRATICAS\of_v0.11.2_vs2017_release\addons\ofxXmlSettings\src\ofxXmlSettings.cpp(672,29): warning C4267: 'initializing': conversion from 'size_t' to 'int', possible loss of data
  tinyxml.cpp
  tinyxmlerror.cpp
  tinyxmlparser.cpp
     Creating library bin\CollaborativeMediaWall_debug.lib and object bin\CollaborativeMediaWall_debug.exp
  CollaborativeMediaWall.vcxproj -> D:\FCT\CM\PRATICAS\of_v0.11.2_vs2017_release\apps\myApps\CMI\CollaborativeMediaWall\bin\CollaborativeMediaWall_debug.exe
  
  	                   2	D:\FCT\CM\PRATICAS\of_v0.11.2_vs2017_release\libs\fmod\lib\vs\x64\
  	  *EXTRA File 		 6942208	D:\FCT\CM\PRATICAS\of_v0.11.2_vs2017_release\apps\myApps\CMI\CollaborativeMediaWall\bin\FreeImage.dll
  
  	                   1	D:\FCT\CM\PRATICAS\of_v0.11.2_vs2017_release\libs\FreeImage\lib\vs\x64\
  	  *EXTRA File 		 1826304	D:\FCT\CM\PRATICAS\of_v0.11.2_vs2017_release\apps\myApps\CMI\CollaborativeMediaWall\bin\fmod.dll
  	  *EXTRA File 		 2041856	D:\FCT\CM\PRATICAS\of_v0.11.2_vs2017_release\apps\myApps\CMI\CollaborativeMediaWall\bin\fmodL.dll
